{
  "RSpec": {
    "coverage": {
      "/home/lucas/Projetos/soat-fase-04/soat4-payment-service/app/helpers/application_helper.rb": {
        "lines": [
          null,
          null,
          1,
          null
        ]
      },
      "/home/lucas/Projetos/soat-fase-04/soat4-payment-service/app/domain/payment/payment_notification.rb": {
        "lines": [
          null,
          null,
          1,
          1,
          null,
          1,
          5,
          5,
          5,
          5,
          5,
          5,
          null,
          null,
          1,
          4,
          null,
          null
        ]
      },
      "/home/lucas/Projetos/soat-fase-04/soat4-payment-service/app/domain/use_cases/payment/create_payment.rb": {
        "lines": [
          null,
          null,
          1,
          1,
          2,
          2,
          null,
          null,
          1,
          2,
          1,
          null,
          null,
          null,
          null,
          null,
          null,
          null,
          1,
          1,
          1,
          null,
          null,
          null,
          1,
          null,
          null
        ]
      },
      "/home/lucas/Projetos/soat-fase-04/soat4-payment-service/app/domain/use_cases/payment/process_mercadopago_notification.rb": {
        "lines": [
          null,
          null,
          1,
          1,
          4,
          4,
          null,
          null,
          1,
          4,
          4,
          null,
          3,
          null,
          3,
          1,
          1,
          null,
          null,
          2,
          null,
          2,
          null,
          null,
          null,
          null,
          null,
          null,
          null,
          2,
          2,
          null,
          2,
          null,
          null,
          null,
          null,
          null,
          2,
          2,
          1,
          null,
          null,
          null,
          null,
          1,
          null,
          1,
          null,
          null,
          null,
          1,
          null,
          null,
          0,
          0,
          null,
          null
        ]
      },
      "/home/lucas/Projetos/soat-fase-04/soat4-payment-service/app/domain/use_cases/payment/update_payment.rb": {
        "lines": [
          null,
          null,
          1,
          1,
          2,
          null,
          null,
          1,
          2,
          2,
          null,
          1,
          null,
          1,
          null,
          1,
          null,
          1,
          null,
          null
        ]
      },
      "/home/lucas/Projetos/soat-fase-04/soat4-payment-service/app/infrastructure/external_apis/mercado_pago/mercadopago_payment_gateway_adapter.rb": {
        "lines": [
          null,
          null,
          1,
          1,
          null,
          1,
          5,
          5,
          5,
          5,
          null,
          null,
          1,
          null,
          null,
          2,
          null,
          null,
          null,
          null,
          null,
          null,
          null,
          2,
          null,
          null,
          2,
          2,
          null,
          null,
          2,
          2,
          1,
          null,
          null,
          1,
          null,
          null,
          null
        ]
      },
      "/home/lucas/Projetos/soat-fase-04/soat4-payment-service/app/infrastructure/external_apis/mercado_pago/mercadopago_webhook_adapter.rb": {
        "lines": [
          null,
          null,
          1,
          1,
          1,
          null,
          1,
          1,
          null,
          1,
          10,
          10,
          null,
          null,
          1,
          3,
          null,
          2,
          null,
          2,
          null,
          2,
          2,
          null,
          0,
          0,
          0,
          null,
          0,
          null,
          null,
          null,
          1,
          1,
          null,
          0,
          0,
          null,
          null,
          1,
          3,
          null,
          null,
          8,
          8,
          null,
          8,
          7,
          7,
          null,
          null,
          7,
          null,
          7,
          1,
          6,
          5,
          5,
          5,
          null,
          1,
          1,
          null,
          6,
          0,
          0,
          null,
          1,
          1,
          null,
          5,
          5,
          null,
          0,
          0,
          null,
          null,
          null,
          null,
          1,
          null,
          1,
          2,
          2,
          2,
          null,
          2,
          null,
          null
        ]
      },
      "/home/lucas/Projetos/soat-fase-04/soat4-payment-service/app/infrastructure/messaging/rabbitmq_consumer.rb": {
        "lines": [
          null,
          null,
          1,
          1,
          null,
          1,
          2,
          2,
          2,
          2,
          2,
          null,
          null,
          1,
          0,
          0,
          0,
          0,
          null,
          null,
          0,
          0,
          null,
          null,
          1,
          null,
          1,
          2,
          2,
          2,
          2,
          null,
          2,
          1,
          1,
          1,
          1,
          1,
          1,
          null,
          null,
          null,
          null,
          null,
          1,
          1,
          1,
          null,
          1,
          null,
          null,
          0,
          null,
          null
        ]
      },
      "/home/lucas/Projetos/soat-fase-04/soat4-payment-service/app/infrastructure/messaging/rabbitmq_connection.rb": {
        "lines": [
          null,
          null,
          1,
          1,
          1,
          3,
          3,
          3,
          2,
          null,
          1,
          1,
          null,
          1,
          1,
          1,
          null,
          null,
          1,
          1,
          null,
          null
        ]
      },
      "/home/lucas/Projetos/soat-fase-04/soat4-payment-service/app/infrastructure/messaging/rabbitmq_publisher.rb": {
        "lines": [
          null,
          null,
          1,
          1,
          null,
          1,
          1,
          1,
          null,
          null,
          1,
          1,
          1,
          1,
          null,
          null
        ]
      },
      "/home/lucas/Projetos/soat-fase-04/soat4-payment-service/app/infrastructure/persistence/mongo/mongo_payment_repository.rb": {
        "lines": [
          null,
          null,
          1,
          1,
          2,
          null,
          2,
          1,
          null,
          null,
          null,
          null,
          null,
          null,
          null,
          1,
          null,
          null,
          null,
          null,
          null,
          null,
          null,
          null,
          null,
          2,
          null,
          null,
          1,
          2,
          null,
          null
        ]
      },
      "/home/lucas/Projetos/soat-fase-04/soat4-payment-service/app/jobs/application_job.rb": {
        "lines": [
          null,
          null,
          1,
          null,
          null,
          null,
          null,
          null,
          null
        ]
      },
      "/home/lucas/Projetos/soat-fase-04/soat4-payment-service/app/mailers/application_mailer.rb": {
        "lines": [
          null,
          null,
          1,
          1,
          1,
          null
        ]
      },
      "/home/lucas/Projetos/soat-fase-04/soat4-payment-service/app/domain/payment/payment.rb": {
        "lines": [
          null,
          null,
          1,
          1,
          1,
          null,
          1,
          10,
          10,
          10,
          10,
          10,
          10,
          null,
          null,
          1,
          0,
          null,
          null,
          1,
          0,
          null,
          null,
          1,
          1,
          null,
          null,
          null
        ]
      },
      "/home/lucas/Projetos/soat-fase-04/soat4-payment-service/app/infrastructure/persistence/mongo/payment_document.rb": {
        "lines": [
          null,
          null,
          1,
          1,
          1,
          null,
          1,
          null,
          1,
          1,
          1,
          1,
          1,
          1,
          null,
          1,
          1,
          null,
          1,
          3,
          null,
          null,
          null,
          null,
          null,
          null,
          null,
          null,
          null
        ]
      },
      "/home/lucas/Projetos/soat-fase-04/soat4-payment-service/app/controllers/api/v1/mp_webhook_controller.rb": {
        "lines": [
          null,
          null,
          1,
          1,
          1,
          1,
          1,
          null,
          1,
          4,
          4,
          null,
          4,
          null,
          null,
          null,
          null,
          null,
          4,
          null,
          2,
          1,
          null,
          1,
          null,
          2,
          1,
          1,
          null,
          null,
          1,
          1,
          null,
          null,
          null,
          1,
          0,
          null,
          null,
          null,
          null
        ]
      },
      "/home/lucas/Projetos/soat-fase-04/soat4-payment-service/app/controllers/api/v1/payments_controller.rb": {
        "lines": [
          null,
          null,
          1,
          1,
          1,
          1,
          1,
          1,
          1,
          null,
          1,
          2,
          2,
          2,
          null,
          2,
          null,
          1,
          null,
          1,
          null,
          null,
          1,
          1,
          1,
          null,
          1,
          1,
          null,
          0,
          null,
          null,
          null,
          1,
          0,
          null,
          null,
          null,
          null
        ]
      },
      "/home/lucas/Projetos/soat-fase-04/soat4-payment-service/app/controllers/application_controller.rb": {
        "lines": [
          null,
          null,
          1,
          null
        ]
      },
      "/home/lucas/Projetos/soat-fase-04/soat4-payment-service/app/channels/application_cable/channel.rb": {
        "lines": [
          null,
          null,
          0,
          0,
          0,
          0
        ],
        "branches": {}
      },
      "/home/lucas/Projetos/soat-fase-04/soat4-payment-service/app/channels/application_cable/connection.rb": {
        "lines": [
          null,
          null,
          0,
          0,
          0,
          0
        ],
        "branches": {}
      },
      "/home/lucas/Projetos/soat-fase-04/soat4-payment-service/app/domain/ports/payment_repository.rb": {
        "lines": [
          null,
          null,
          0,
          0,
          0,
          0,
          0,
          null,
          0,
          0,
          0,
          0,
          0
        ],
        "branches": {}
      },
      "/home/lucas/Projetos/soat-fase-04/soat4-payment-service/app/models/application_record.rb": {
        "lines": [
          null,
          null,
          0,
          0,
          0
        ],
        "branches": {}
      },
      "/home/lucas/Projetos/soat-fase-04/soat4-payment-service/app/workers/start_pagamento_consumer.rb": {
        "lines": [
          null,
          null,
          0
        ],
        "branches": {}
      }
    },
    "timestamp": 1766016112
  }
}
